Start testing: Jun 14 18:03 MSK
----------------------------------------------------------
1/3 Testing: runTestsApp
1/3 Test: runTestsApp
Command: "/home/dima/programm_cpp/aip-project-2-buhs/cmake-build-debug/runTestsApp"
Directory: /home/dima/programm_cpp/aip-project-2-buhs/cmake-build-debug
"runTestsApp" start time: Jun 14 18:03 MSK
Output:
----------------------------------------------------------
Running main() from /home/dima/programm_cpp/aip-project-2-buhs/external/googletest-main/googletest/src/gtest_main.cc
[==========] Running 9 tests from 1 test suite.
[----------] Global test environment set-up.
[----------] 9 tests from PaintAppTest
[ RUN      ] PaintAppTest.ToggleTool
Шрифт загружен успешно
Текстура карандаша загружена успешно
[       OK ] PaintAppTest.ToggleTool (211 ms)
[ RUN      ] PaintAppTest.ClearCanvas
Шрифт загружен успешно
Текстура карандаша загружена успешно
[       OK ] PaintAppTest.ClearCanvas (144 ms)
[ RUN      ] PaintAppTest.ResizeImage
Шрифт загружен успешно
Текстура карандаша загружена успешно
[       OK ] PaintAppTest.ResizeImage (121 ms)
[ RUN      ] PaintAppTest.SaveImageAsText
Шрифт загружен успешно
Текстура карандаша загружена успешно
[       OK ] PaintAppTest.SaveImageAsText (123 ms)
[ RUN      ] PaintAppTest.CaptureCanvas
Шрифт загружен успешно
Текстура карандаша загружена успешно
[       OK ] PaintAppTest.CaptureCanvas (152 ms)
[ RUN      ] PaintAppTest.HandleMouseInput
Шрифт загружен успешно
Текстура карандаша загружена успешно
[       OK ] PaintAppTest.HandleMouseInput (128 ms)
[ RUN      ] PaintAppTest.HandleSaveButtonClick
Шрифт загружен успешно
Текстура карандаша загружена успешно
Predicted Digit: 5
[       OK ] PaintAppTest.HandleSaveButtonClick (185 ms)
[ RUN      ] PaintAppTest.HandleClearButtonClick
Шрифт загружен успешно
Текстура карандаша загружена успешно
[       OK ] PaintAppTest.HandleClearButtonClick (139 ms)
[ RUN      ] PaintAppTest.Update
Шрифт загружен успешно
Текстура карандаша загружена успешно
[       OK ] PaintAppTest.Update (137 ms)
[----------] 9 tests from PaintAppTest (1344 ms total)

[----------] Global test environment tear-down
[==========] 9 tests from 1 test suite ran. (1345 ms total)
[  PASSED  ] 9 tests.
<end of output>
Test time =   1.36 sec
----------------------------------------------------------
Test Passed.
"runTestsApp" end time: Jun 14 18:03 MSK
"runTestsApp" time elapsed: 00:00:01
----------------------------------------------------------

2/3 Testing: runTestsMatrix
2/3 Test: runTestsMatrix
Command: "/home/dima/programm_cpp/aip-project-2-buhs/cmake-build-debug/runTestsMatrix"
Directory: /home/dima/programm_cpp/aip-project-2-buhs/cmake-build-debug
"runTestsMatrix" start time: Jun 14 18:03 MSK
Output:
----------------------------------------------------------
Running main() from /home/dima/programm_cpp/aip-project-2-buhs/external/googletest-main/googletest/src/gtest_main.cc
[==========] Running 6 tests from 1 test suite.
[----------] Global test environment set-up.
[----------] 6 tests from MatrixTest
[ RUN      ] MatrixTest.Constructor
[       OK ] MatrixTest.Constructor (0 ms)
[ RUN      ] MatrixTest.SetElement
[       OK ] MatrixTest.SetElement (0 ms)
[ RUN      ] MatrixTest.GetElement
[       OK ] MatrixTest.GetElement (0 ms)
[ RUN      ] MatrixTest.Transpose
[       OK ] MatrixTest.Transpose (0 ms)
[ RUN      ] MatrixTest.Add
[       OK ] MatrixTest.Add (0 ms)
[ RUN      ] MatrixTest.Dot
[       OK ] MatrixTest.Dot (0 ms)
[----------] 6 tests from MatrixTest (0 ms total)

[----------] Global test environment tear-down
[==========] 6 tests from 1 test suite ran. (0 ms total)
[  PASSED  ] 6 tests.
<end of output>
Test time =   0.01 sec
----------------------------------------------------------
Test Passed.
"runTestsMatrix" end time: Jun 14 18:03 MSK
"runTestsMatrix" time elapsed: 00:00:00
----------------------------------------------------------

3/3 Testing: runTestsPredict
3/3 Test: runTestsPredict
Command: "/home/dima/programm_cpp/aip-project-2-buhs/cmake-build-debug/runTestsPredict"
Directory: /home/dima/programm_cpp/aip-project-2-buhs/cmake-build-debug
"runTestsPredict" start time: Jun 14 18:03 MSK
Output:
----------------------------------------------------------
Running main() from /home/dima/programm_cpp/aip-project-2-buhs/external/googletest-main/googletest/src/gtest_main.cc
[==========] Running 3 tests from 3 test suites.
[----------] Global test environment set-up.
[----------] 1 test from PredictDigitTest
[ RUN      ] PredictDigitTest.ValidPredictionWithWeights
Predicted Digit: 0
[       OK ] PredictDigitTest.ValidPredictionWithWeights (63 ms)
[----------] 1 test from PredictDigitTest (63 ms total)

[----------] 1 test from FlattenMatrixTest
[ RUN      ] FlattenMatrixTest.ValidMatrix
[       OK ] FlattenMatrixTest.ValidMatrix (0 ms)
[----------] 1 test from FlattenMatrixTest (0 ms total)

[----------] 1 test from ReadMatrixFromFileTest
[ RUN      ] ReadMatrixFromFileTest.ValidFile
[       OK ] ReadMatrixFromFileTest.ValidFile (0 ms)
[----------] 1 test from ReadMatrixFromFileTest (0 ms total)

[----------] Global test environment tear-down
[==========] 3 tests from 3 test suites ran. (64 ms total)
[  PASSED  ] 3 tests.
<end of output>
Test time =   0.07 sec
----------------------------------------------------------
Test Passed.
"runTestsPredict" end time: Jun 14 18:03 MSK
"runTestsPredict" time elapsed: 00:00:00
----------------------------------------------------------

End testing: Jun 14 18:03 MSK
